0 info it worked if it ends with ok
1 verbose cli [ 'node',
1 verbose cli   '/usr/local/bin/npm',
1 verbose cli   'install',
1 verbose cli   'grunt-config-uglify',
1 verbose cli   '--save-dev' ]
2 info using npm@1.4.28
3 info using node@v0.10.33
4 warn package.json PicticiousPro@1.0.0 No repository field.
5 warn package.json PicticiousPro@1.0.0 No README data
6 verbose readDependencies using package.json deps
7 verbose cache add [ 'grunt-config-uglify', null ]
8 verbose cache add name=undefined spec="grunt-config-uglify" args=["grunt-config-uglify",null]
9 verbose parsed url { protocol: null,
9 verbose parsed url   slashes: null,
9 verbose parsed url   auth: null,
9 verbose parsed url   host: null,
9 verbose parsed url   port: null,
9 verbose parsed url   hostname: null,
9 verbose parsed url   hash: null,
9 verbose parsed url   search: null,
9 verbose parsed url   query: null,
9 verbose parsed url   pathname: 'grunt-config-uglify',
9 verbose parsed url   path: 'grunt-config-uglify',
9 verbose parsed url   href: 'grunt-config-uglify' }
10 silly lockFile 84257c59-grunt-config-uglify grunt-config-uglify
11 verbose lock grunt-config-uglify /Users/Vepeters/.npm/84257c59-grunt-config-uglify.lock
12 silly lockFile 84257c59-grunt-config-uglify grunt-config-uglify
13 silly lockFile 84257c59-grunt-config-uglify grunt-config-uglify
14 verbose addNamed [ 'grunt-config-uglify', '' ]
15 verbose addNamed [ null, '*' ]
16 silly lockFile 557bcf65-grunt-config-uglify grunt-config-uglify@
17 verbose lock grunt-config-uglify@ /Users/Vepeters/.npm/557bcf65-grunt-config-uglify.lock
18 silly addNameRange { name: 'grunt-config-uglify', range: '*', hasData: false }
19 verbose request where is /grunt-config-uglify
20 verbose request registry https://registry.npmjs.org/
21 verbose request id 385e92d44b6aa2c3
22 verbose url raw /grunt-config-uglify
23 verbose url resolving [ 'https://registry.npmjs.org/', './grunt-config-uglify' ]
24 verbose url resolved https://registry.npmjs.org/grunt-config-uglify
25 verbose request where is https://registry.npmjs.org/grunt-config-uglify
26 info trying registry request attempt 1 at 19:26:37
27 http GET https://registry.npmjs.org/grunt-config-uglify
28 http 404 https://registry.npmjs.org/grunt-config-uglify
29 verbose headers { date: 'Wed, 05 Nov 2014 00:26:39 GMT',
29 verbose headers   server: 'CouchDB/1.5.0 (Erlang OTP/R16B03)',
29 verbose headers   'content-type': 'application/json',
29 verbose headers   'cache-control': 'max-age=0',
29 verbose headers   'content-length': '52',
29 verbose headers   'accept-ranges': 'bytes',
29 verbose headers   via: '1.1 varnish',
29 verbose headers   age: '0',
29 verbose headers   'x-served-by': 'cache-atl6234-ATL',
29 verbose headers   'x-cache': 'MISS',
29 verbose headers   'x-cache-hits': '0',
29 verbose headers   'x-timer': 'S1415147199.193936,VS0,VE318',
29 verbose headers   'keep-alive': 'timeout=10, max=50',
29 verbose headers   connection: 'Keep-Alive' }
30 silly registry.get cb [ 404,
30 silly registry.get   { date: 'Wed, 05 Nov 2014 00:26:39 GMT',
30 silly registry.get     server: 'CouchDB/1.5.0 (Erlang OTP/R16B03)',
30 silly registry.get     'content-type': 'application/json',
30 silly registry.get     'cache-control': 'max-age=0',
30 silly registry.get     'content-length': '52',
30 silly registry.get     'accept-ranges': 'bytes',
30 silly registry.get     via: '1.1 varnish',
30 silly registry.get     age: '0',
30 silly registry.get     'x-served-by': 'cache-atl6234-ATL',
30 silly registry.get     'x-cache': 'MISS',
30 silly registry.get     'x-cache-hits': '0',
30 silly registry.get     'x-timer': 'S1415147199.193936,VS0,VE318',
30 silly registry.get     'keep-alive': 'timeout=10, max=50',
30 silly registry.get     connection: 'Keep-Alive' } ]
31 silly lockFile 557bcf65-grunt-config-uglify grunt-config-uglify@
32 silly lockFile 557bcf65-grunt-config-uglify grunt-config-uglify@
33 error 404 404 Not Found: grunt-config-uglify
33 error 404
33 error 404 'grunt-config-uglify' is not in the npm registry.
33 error 404 You should bug the author to publish it
33 error 404 It was specified as a dependency of 'PicticiousPro'
33 error 404
33 error 404 Note that you can also install from a
33 error 404 tarball, folder, or http url, or git url.
34 error System Darwin 13.4.0
35 error command "node" "/usr/local/bin/npm" "install" "grunt-config-uglify" "--save-dev"
36 error cwd /Users/Vepeters/Desktop/Betamore/Projects/08-PhotoApp
37 error node -v v0.10.33
38 error npm -v 1.4.28
39 error code E404
40 verbose exit [ 1, true ]
